<?xml version="1.0" encoding="UTF-8"?>
<testsuite name="edu.neu.myapplication5_25.ExampleUnitTest" tests="1" skipped="0" failures="0" errors="0" timestamp="2025-06-01T07:35:34" hostname="LAPTOP-UGPCFJTJ" time="0.001">
  <properties/>
  <testcase name="addition_isCorrect" classname="edu.neu.myapplication5_25.ExampleUnitTest" time="0.001"/>
  <system-out><![CDATA[]]></system-out>
  <system-err><![CDATA[]]></system-err>
</testsuite>
